{"C:\\Users\\Sterap\\Documents\\prueba tecnica\\bancoxyz\\assets\\theme\\colors.tsx": {"path":"C:\\Users\\Sterap\\Documents\\prueba tecnica\\bancoxyz\\assets\\theme\\colors.tsx","statementMap":{"0":{"start":{"line":1,"column":22},"end":{"line":9,"column":1}}},"fnMap":{},"branchMap":{},"s":{"0":2},"f":{},"b":{},"_coverageSchema":"1a1c01bbd47fc00a2c39e90264f33305004495a9","hash":"7ed193e37b6b9ad28c89b7d96462ee6a7443e6a1"}
,"C:\\Users\\Sterap\\Documents\\prueba tecnica\\bancoxyz\\src\\components\\atoms\\UIButton.tsx": {"path":"C:\\Users\\Sterap\\Documents\\prueba tecnica\\bancoxyz\\src\\components\\atoms\\UIButton.tsx","statementMap":{"0":{"start":{"line":9,"column":2},"end":{"line":13,"column":4}},"1":{"start":{"line":16,"column":15},"end":{"line":33,"column":2}}},"fnMap":{"0":{"name":"UIButton","decl":{"start":{"line":8,"column":24},"end":{"line":8,"column":32}},"loc":{"start":{"line":8,"column":59},"end":{"line":14,"column":1}},"line":8}},"branchMap":{},"s":{"0":25,"1":3},"f":{"0":25},"b":{},"_coverageSchema":"1a1c01bbd47fc00a2c39e90264f33305004495a9","hash":"1ebca0ad28871473228d93e97ce41ac94cbe1c5d"}
,"C:\\Users\\Sterap\\Documents\\prueba tecnica\\bancoxyz\\src\\components\\atoms\\UIInput.tsx": {"path":"C:\\Users\\Sterap\\Documents\\prueba tecnica\\bancoxyz\\src\\components\\atoms\\UIInput.tsx","statementMap":{"0":{"start":{"line":4,"column":2},"end":{"line":10,"column":4}},"1":{"start":{"line":13,"column":15},"end":{"line":22,"column":2}}},"fnMap":{"0":{"name":"UIInput","decl":{"start":{"line":3,"column":24},"end":{"line":3,"column":31}},"loc":{"start":{"line":3,"column":44},"end":{"line":11,"column":1}},"line":3}},"branchMap":{},"s":{"0":47,"1":3},"f":{"0":47},"b":{},"_coverageSchema":"1a1c01bbd47fc00a2c39e90264f33305004495a9","hash":"855bc4d936fd22f3b6d7d0595a44b760181288b0"}
,"C:\\Users\\Sterap\\Documents\\prueba tecnica\\bancoxyz\\src\\components\\molecules\\InputField.tsx": {"path":"C:\\Users\\Sterap\\Documents\\prueba tecnica\\bancoxyz\\src\\components\\molecules\\InputField.tsx","statementMap":{"0":{"start":{"line":5,"column":2},"end":{"line":10,"column":4}},"1":{"start":{"line":13,"column":15},"end":{"line":20,"column":2}}},"fnMap":{"0":{"name":"InputField","decl":{"start":{"line":4,"column":24},"end":{"line":4,"column":34}},"loc":{"start":{"line":4,"column":61},"end":{"line":11,"column":1}},"line":4}},"branchMap":{},"s":{"0":28,"1":1},"f":{"0":28},"b":{},"_coverageSchema":"1a1c01bbd47fc00a2c39e90264f33305004495a9","hash":"de72cb30155871df1487978aafb168da9677a70c"}
,"C:\\Users\\Sterap\\Documents\\prueba tecnica\\bancoxyz\\src\\components\\organisms\\AppHeader.tsx": {"path":"C:\\Users\\Sterap\\Documents\\prueba tecnica\\bancoxyz\\src\\components\\organisms\\AppHeader.tsx","statementMap":{"0":{"start":{"line":11,"column":21},"end":{"line":11,"column":30}},"1":{"start":{"line":13,"column":2},"end":{"line":32,"column":4}},"2":{"start":{"line":17,"column":41},"end":{"line":17,"column":54}},"3":{"start":{"line":35,"column":15},"end":{"line":54,"column":2}}},"fnMap":{"0":{"name":"AppHeader","decl":{"start":{"line":10,"column":24},"end":{"line":10,"column":33}},"loc":{"start":{"line":10,"column":70},"end":{"line":33,"column":1}},"line":10},"1":{"name":"(anonymous_1)","decl":{"start":{"line":17,"column":35},"end":{"line":17,"column":36}},"loc":{"start":{"line":17,"column":41},"end":{"line":17,"column":54}},"line":17}},"branchMap":{"0":{"loc":{"start":{"line":10,"column":43},"end":{"line":10,"column":59}},"type":"default-arg","locations":[{"start":{"line":10,"column":54},"end":{"line":10,"column":59}}],"line":10},"1":{"loc":{"start":{"line":16,"column":7},"end":{"line":22,"column":7}},"type":"cond-expr","locations":[{"start":{"line":17,"column":8},"end":{"line":19,"column":27}},{"start":{"line":21,"column":8},"end":{"line":21,"column":38}}],"line":16}},"s":{"0":7,"1":7,"2":0,"3":2},"f":{"0":7,"1":0},"b":{"0":[0],"1":[7,0]},"_coverageSchema":"1a1c01bbd47fc00a2c39e90264f33305004495a9","hash":"5715f2fa237d6f83d2423618f22fcf23644df1e2"}
,"C:\\Users\\Sterap\\Documents\\prueba tecnica\\bancoxyz\\src\\components\\organisms\\HistoryTransfer.tsx": {"path":"C:\\Users\\Sterap\\Documents\\prueba tecnica\\bancoxyz\\src\\components\\organisms\\HistoryTransfer.tsx","statementMap":{"0":{"start":{"line":15,"column":2},"end":{"line":56,"column":4}},"1":{"start":{"line":35,"column":34},"end":{"line":35,"column":46}},"2":{"start":{"line":37,"column":12},"end":{"line":49,"column":19}},"3":{"start":{"line":59,"column":15},"end":{"line":110,"column":2}}},"fnMap":{"0":{"name":"HistoryTransfer","decl":{"start":{"line":11,"column":24},"end":{"line":11,"column":39}},"loc":{"start":{"line":11,"column":78},"end":{"line":57,"column":1}},"line":11},"1":{"name":"(anonymous_1)","decl":{"start":{"line":35,"column":24},"end":{"line":35,"column":25}},"loc":{"start":{"line":35,"column":34},"end":{"line":35,"column":46}},"line":35},"2":{"name":"(anonymous_2)","decl":{"start":{"line":36,"column":22},"end":{"line":36,"column":23}},"loc":{"start":{"line":37,"column":12},"end":{"line":49,"column":19}},"line":37}},"branchMap":{"0":{"loc":{"start":{"line":29,"column":8},"end":{"line":51,"column":11}},"type":"cond-expr","locations":[{"start":{"line":30,"column":10},"end":{"line":32,"column":17}},{"start":{"line":33,"column":13},"end":{"line":51,"column":10}}],"line":29}},"s":{"0":4,"1":2,"2":1,"3":1},"f":{"0":4,"1":2,"2":1},"b":{"0":[3,1]},"_coverageSchema":"1a1c01bbd47fc00a2c39e90264f33305004495a9","hash":"942c88a8044f22eda92f5835b11b7531f094e03a"}
,"C:\\Users\\Sterap\\Documents\\prueba tecnica\\bancoxyz\\src\\components\\organisms\\LoginForm.tsx": {"path":"C:\\Users\\Sterap\\Documents\\prueba tecnica\\bancoxyz\\src\\components\\organisms\\LoginForm.tsx","statementMap":{"0":{"start":{"line":8,"column":15},"end":{"line":11,"column":2}},"1":{"start":{"line":15,"column":2},"end":{"line":53,"column":4}},"2":{"start":{"line":28,"column":8},"end":{"line":50,"column":15}},"3":{"start":{"line":56,"column":15},"end":{"line":83,"column":2}}},"fnMap":{"0":{"name":"LoginForm","decl":{"start":{"line":13,"column":24},"end":{"line":13,"column":33}},"loc":{"start":{"line":13,"column":53},"end":{"line":54,"column":1}},"line":13},"1":{"name":"(anonymous_1)","decl":{"start":{"line":21,"column":7},"end":{"line":21,"column":8}},"loc":{"start":{"line":28,"column":8},"end":{"line":50,"column":15}},"line":28}},"branchMap":{"0":{"loc":{"start":{"line":36,"column":11},"end":{"line":38,"column":11}},"type":"binary-expr","locations":[{"start":{"line":36,"column":11},"end":{"line":36,"column":24}},{"start":{"line":36,"column":28},"end":{"line":36,"column":40}},{"start":{"line":37,"column":12},"end":{"line":37,"column":60}}],"line":36},"1":{"loc":{"start":{"line":45,"column":11},"end":{"line":47,"column":11}},"type":"binary-expr","locations":[{"start":{"line":45,"column":11},"end":{"line":45,"column":27}},{"start":{"line":45,"column":31},"end":{"line":45,"column":46}},{"start":{"line":46,"column":12},"end":{"line":46,"column":63}}],"line":45}},"s":{"0":1,"1":4,"2":14,"3":1},"f":{"0":4,"1":14},"b":{"0":[14,6,2],"1":[14,6,1]},"_coverageSchema":"1a1c01bbd47fc00a2c39e90264f33305004495a9","hash":"768209f327c0efd4924590fae3e5fac3ba116792"}
,"C:\\Users\\Sterap\\Documents\\prueba tecnica\\bancoxyz\\src\\components\\organisms\\TransferForm.tsx": {"path":"C:\\Users\\Sterap\\Documents\\prueba tecnica\\bancoxyz\\src\\components\\organisms\\TransferForm.tsx","statementMap":{"0":{"start":{"line":10,"column":15},"end":{"line":17,"column":2}},"1":{"start":{"line":22,"column":2},"end":{"line":84,"column":4}},"2":{"start":{"line":47,"column":12},"end":{"line":79,"column":15}},"3":{"start":{"line":55,"column":20},"end":{"line":55,"column":67}},"4":{"start":{"line":87,"column":15},"end":{"line":120,"column":2}}},"fnMap":{"0":{"name":"TransferForm","decl":{"start":{"line":19,"column":24},"end":{"line":19,"column":36}},"loc":{"start":{"line":19,"column":56},"end":{"line":85,"column":1}},"line":19},"1":{"name":"(anonymous_1)","decl":{"start":{"line":39,"column":11},"end":{"line":39,"column":12}},"loc":{"start":{"line":47,"column":12},"end":{"line":79,"column":15}},"line":47},"2":{"name":"(anonymous_2)","decl":{"start":{"line":54,"column":30},"end":{"line":54,"column":31}},"loc":{"start":{"line":55,"column":20},"end":{"line":55,"column":67}},"line":55}},"branchMap":{"0":{"loc":{"start":{"line":55,"column":43},"end":{"line":55,"column":66}},"type":"cond-expr","locations":[{"start":{"line":55,"column":50},"end":{"line":55,"column":62}},{"start":{"line":55,"column":65},"end":{"line":55,"column":66}}],"line":55},"1":{"loc":{"start":{"line":58,"column":15},"end":{"line":60,"column":15}},"type":"binary-expr","locations":[{"start":{"line":58,"column":15},"end":{"line":58,"column":28}},{"start":{"line":58,"column":32},"end":{"line":58,"column":44}},{"start":{"line":59,"column":16},"end":{"line":59,"column":64}}],"line":58},"2":{"loc":{"start":{"line":69,"column":15},"end":{"line":73,"column":15}},"type":"binary-expr","locations":[{"start":{"line":69,"column":15},"end":{"line":69,"column":37}},{"start":{"line":69,"column":41},"end":{"line":69,"column":62}},{"start":{"line":70,"column":16},"end":{"line":72,"column":23}}],"line":69}},"s":{"0":1,"1":3,"2":9,"3":1,"4":1},"f":{"0":3,"1":9,"2":1},"b":{"0":[1,0],"1":[9,4,1],"2":[9,4,1]},"_coverageSchema":"1a1c01bbd47fc00a2c39e90264f33305004495a9","hash":"090fddd35a61a12951d709255387072aff6026b0"}
,"C:\\Users\\Sterap\\Documents\\prueba tecnica\\bancoxyz\\src\\context\\AuthContext.tsx": {"path":"C:\\Users\\Sterap\\Documents\\prueba tecnica\\bancoxyz\\src\\context\\AuthContext.tsx","statementMap":{"0":{"start":{"line":15,"column":20},"end":{"line":15,"column":73}},"1":{"start":{"line":17,"column":24},"end":{"line":17,"column":38}},"2":{"start":{"line":19,"column":28},"end":{"line":74,"column":1}},"3":{"start":{"line":20,"column":28},"end":{"line":20,"column":57}},"4":{"start":{"line":21,"column":26},"end":{"line":21,"column":53}},"5":{"start":{"line":22,"column":32},"end":{"line":22,"column":46}},"6":{"start":{"line":23,"column":16},"end":{"line":23,"column":51}},"7":{"start":{"line":25,"column":2},"end":{"line":27,"column":9}},"8":{"start":{"line":26,"column":4},"end":{"line":26,"column":18}},"9":{"start":{"line":29,"column":22},"end":{"line":39,"column":3}},"10":{"start":{"line":30,"column":24},"end":{"line":30,"column":59}},"11":{"start":{"line":31,"column":23},"end":{"line":31,"column":57}},"12":{"start":{"line":33,"column":4},"end":{"line":36,"column":5}},"13":{"start":{"line":34,"column":6},"end":{"line":34,"column":28}},"14":{"start":{"line":35,"column":6},"end":{"line":35,"column":38}},"15":{"start":{"line":38,"column":4},"end":{"line":38,"column":22}},"16":{"start":{"line":41,"column":21},"end":{"line":47,"column":3}},"17":{"start":{"line":42,"column":4},"end":{"line":42,"column":51}},"18":{"start":{"line":42,"column":23},"end":{"line":42,"column":51}},"19":{"start":{"line":44,"column":4},"end":{"line":46,"column":24}},"20":{"start":{"line":45,"column":6},"end":{"line":45,"column":15}},"21":{"start":{"line":49,"column":16},"end":{"line":57,"column":3}},"22":{"start":{"line":50,"column":4},"end":{"line":50,"column":50}},"23":{"start":{"line":51,"column":4},"end":{"line":51,"column":64}},"24":{"start":{"line":53,"column":4},"end":{"line":53,"column":23}},"25":{"start":{"line":54,"column":4},"end":{"line":54,"column":21}},"26":{"start":{"line":56,"column":4},"end":{"line":56,"column":17}},"27":{"start":{"line":59,"column":17},"end":{"line":67,"column":3}},"28":{"start":{"line":60,"column":4},"end":{"line":60,"column":43}},"29":{"start":{"line":61,"column":4},"end":{"line":61,"column":42}},"30":{"start":{"line":63,"column":4},"end":{"line":63,"column":19}},"31":{"start":{"line":64,"column":4},"end":{"line":64,"column":18}},"32":{"start":{"line":66,"column":4},"end":{"line":66,"column":24}},"33":{"start":{"line":69,"column":2},"end":{"line":73,"column":4}},"34":{"start":{"line":76,"column":23},"end":{"line":76,"column":52}},"35":{"start":{"line":76,"column":29},"end":{"line":76,"column":52}}},"fnMap":{"0":{"name":"(anonymous_0)","decl":{"start":{"line":19,"column":28},"end":{"line":19,"column":29}},"loc":{"start":{"line":19,"column":51},"end":{"line":74,"column":1}},"line":19},"1":{"name":"(anonymous_1)","decl":{"start":{"line":25,"column":12},"end":{"line":25,"column":13}},"loc":{"start":{"line":25,"column":18},"end":{"line":27,"column":3}},"line":25},"2":{"name":"(anonymous_2)","decl":{"start":{"line":29,"column":22},"end":{"line":29,"column":23}},"loc":{"start":{"line":29,"column":34},"end":{"line":39,"column":3}},"line":29},"3":{"name":"(anonymous_3)","decl":{"start":{"line":41,"column":21},"end":{"line":41,"column":22}},"loc":{"start":{"line":41,"column":27},"end":{"line":47,"column":3}},"line":41},"4":{"name":"(anonymous_4)","decl":{"start":{"line":44,"column":31},"end":{"line":44,"column":32}},"loc":{"start":{"line":44,"column":37},"end":{"line":46,"column":5}},"line":44},"5":{"name":"(anonymous_5)","decl":{"start":{"line":49,"column":16},"end":{"line":49,"column":17}},"loc":{"start":{"line":49,"column":59},"end":{"line":57,"column":3}},"line":49},"6":{"name":"(anonymous_6)","decl":{"start":{"line":59,"column":17},"end":{"line":59,"column":18}},"loc":{"start":{"line":59,"column":29},"end":{"line":67,"column":3}},"line":59},"7":{"name":"(anonymous_7)","decl":{"start":{"line":76,"column":23},"end":{"line":76,"column":24}},"loc":{"start":{"line":76,"column":29},"end":{"line":76,"column":52}},"line":76}},"branchMap":{"0":{"loc":{"start":{"line":33,"column":4},"end":{"line":36,"column":5}},"type":"if","locations":[{"start":{"line":33,"column":4},"end":{"line":36,"column":5}},{"start":{},"end":{}}],"line":33},"1":{"loc":{"start":{"line":33,"column":8},"end":{"line":33,"column":33}},"type":"binary-expr","locations":[{"start":{"line":33,"column":8},"end":{"line":33,"column":19}},{"start":{"line":33,"column":23},"end":{"line":33,"column":33}}],"line":33},"2":{"loc":{"start":{"line":42,"column":4},"end":{"line":42,"column":51}},"type":"if","locations":[{"start":{"line":42,"column":4},"end":{"line":42,"column":51}},{"start":{},"end":{}}],"line":42}},"s":{"0":2,"1":2,"2":2,"3":0,"4":0,"5":0,"6":0,"7":0,"8":0,"9":0,"10":0,"11":0,"12":0,"13":0,"14":0,"15":0,"16":0,"17":0,"18":0,"19":0,"20":0,"21":0,"22":0,"23":0,"24":0,"25":0,"26":0,"27":0,"28":0,"29":0,"30":0,"31":0,"32":0,"33":0,"34":2,"35":7},"f":{"0":0,"1":0,"2":0,"3":0,"4":0,"5":0,"6":0,"7":7},"b":{"0":[0,0],"1":[0,0],"2":[0,0]},"_coverageSchema":"1a1c01bbd47fc00a2c39e90264f33305004495a9","hash":"6d36acd166ae7ecaaadc6aa4db501031d361200b"}
,"C:\\Users\\Sterap\\Documents\\prueba tecnica\\bancoxyz\\src\\services\\authService.tsx": {"path":"C:\\Users\\Sterap\\Documents\\prueba tecnica\\bancoxyz\\src\\services\\authService.tsx","statementMap":{"0":{"start":{"line":5,"column":28},"end":{"line":16,"column":1}},"1":{"start":{"line":9,"column":14},"end":{"line":12,"column":3}},"2":{"start":{"line":13,"column":2},"end":{"line":13,"column":46}},"3":{"start":{"line":15,"column":2},"end":{"line":15,"column":18}}},"fnMap":{"0":{"name":"(anonymous_0)","decl":{"start":{"line":5,"column":28},"end":{"line":5,"column":29}},"loc":{"start":{"line":7,"column":29},"end":{"line":16,"column":1}},"line":7}},"branchMap":{},"s":{"0":1,"1":2,"2":1,"3":1},"f":{"0":2},"b":{},"_coverageSchema":"1a1c01bbd47fc00a2c39e90264f33305004495a9","hash":"84643283a54e92d291065ea3610e19afe2bd69ca"}
,"C:\\Users\\Sterap\\Documents\\prueba tecnica\\bancoxyz\\src\\services\\bankService.tsx": {"path":"C:\\Users\\Sterap\\Documents\\prueba tecnica\\bancoxyz\\src\\services\\bankService.tsx","statementMap":{"0":{"start":{"line":5,"column":26},"end":{"line":11,"column":1}},"1":{"start":{"line":6,"column":14},"end":{"line":8,"column":3}},"2":{"start":{"line":10,"column":2},"end":{"line":10,"column":18}},"3":{"start":{"line":13,"column":28},"end":{"line":18,"column":1}},"4":{"start":{"line":14,"column":14},"end":{"line":16,"column":3}},"5":{"start":{"line":17,"column":2},"end":{"line":17,"column":29}},"6":{"start":{"line":20,"column":28},"end":{"line":27,"column":1}},"7":{"start":{"line":21,"column":2},"end":{"line":21,"column":45}},"8":{"start":{"line":23,"column":2},"end":{"line":26,"column":4}}},"fnMap":{"0":{"name":"(anonymous_0)","decl":{"start":{"line":5,"column":26},"end":{"line":5,"column":27}},"loc":{"start":{"line":5,"column":64},"end":{"line":11,"column":1}},"line":5},"1":{"name":"(anonymous_1)","decl":{"start":{"line":13,"column":28},"end":{"line":13,"column":29}},"loc":{"start":{"line":13,"column":61},"end":{"line":18,"column":1}},"line":13},"2":{"name":"(anonymous_2)","decl":{"start":{"line":20,"column":28},"end":{"line":20,"column":29}},"loc":{"start":{"line":20,"column":62},"end":{"line":27,"column":1}},"line":20}},"branchMap":{},"s":{"0":1,"1":1,"2":1,"3":1,"4":1,"5":1,"6":1,"7":1,"8":1},"f":{"0":1,"1":1,"2":1},"b":{},"_coverageSchema":"1a1c01bbd47fc00a2c39e90264f33305004495a9","hash":"bff6e44f104ece0192e45cd9243773cb19dcc689"}
}
