TN:
SF:assets\theme\colors.tsx
FNF:0
FNH:0
DA:1,2
LF:1
LH:1
BRF:0
BRH:0
end_of_record
TN:
SF:src\components\atoms\UIButton.tsx
FN:8,UIButton
FNF:1
FNH:1
FNDA:25,UIButton
DA:9,25
DA:16,3
LF:2
LH:2
BRF:0
BRH:0
end_of_record
TN:
SF:src\components\atoms\UIInput.tsx
FN:3,UIInput
FNF:1
FNH:1
FNDA:47,UIInput
DA:4,47
DA:13,3
LF:2
LH:2
BRF:0
BRH:0
end_of_record
TN:
SF:src\components\molecules\InputField.tsx
FN:4,InputField
FNF:1
FNH:1
FNDA:28,InputField
DA:5,28
DA:13,1
LF:2
LH:2
BRF:0
BRH:0
end_of_record
TN:
SF:src\components\organisms\AppHeader.tsx
FN:10,AppHeader
FN:17,(anonymous_1)
FNF:2
FNH:1
FNDA:7,AppHeader
FNDA:0,(anonymous_1)
DA:11,7
DA:13,7
DA:17,0
DA:35,2
LF:4
LH:3
BRDA:10,0,0,0
BRDA:16,1,0,7
BRDA:16,1,1,0
BRF:3
BRH:1
end_of_record
TN:
SF:src\components\organisms\HistoryTransfer.tsx
FN:11,HistoryTransfer
FN:35,(anonymous_1)
FN:36,(anonymous_2)
FNF:3
FNH:3
FNDA:4,HistoryTransfer
FNDA:2,(anonymous_1)
FNDA:1,(anonymous_2)
DA:15,4
DA:35,2
DA:37,1
DA:59,1
LF:4
LH:4
BRDA:29,0,0,3
BRDA:29,0,1,1
BRF:2
BRH:2
end_of_record
TN:
SF:src\components\organisms\LoginForm.tsx
FN:13,LoginForm
FN:21,(anonymous_1)
FNF:2
FNH:2
FNDA:4,LoginForm
FNDA:14,(anonymous_1)
DA:8,1
DA:15,4
DA:28,14
DA:56,1
LF:4
LH:4
BRDA:36,0,0,14
BRDA:36,0,1,6
BRDA:36,0,2,2
BRDA:45,1,0,14
BRDA:45,1,1,6
BRDA:45,1,2,1
BRF:6
BRH:6
end_of_record
TN:
SF:src\components\organisms\TransferForm.tsx
FN:19,TransferForm
FN:39,(anonymous_1)
FN:54,(anonymous_2)
FNF:3
FNH:3
FNDA:3,TransferForm
FNDA:9,(anonymous_1)
FNDA:1,(anonymous_2)
DA:10,1
DA:22,3
DA:47,9
DA:55,1
DA:87,1
LF:5
LH:5
BRDA:55,0,0,1
BRDA:55,0,1,0
BRDA:58,1,0,9
BRDA:58,1,1,4
BRDA:58,1,2,1
BRDA:69,2,0,9
BRDA:69,2,1,4
BRDA:69,2,2,1
BRF:8
BRH:7
end_of_record
TN:
SF:src\context\AuthContext.tsx
FN:19,(anonymous_0)
FN:25,(anonymous_1)
FN:29,(anonymous_2)
FN:41,(anonymous_3)
FN:44,(anonymous_4)
FN:49,(anonymous_5)
FN:59,(anonymous_6)
FN:76,(anonymous_7)
FNF:8
FNH:1
FNDA:0,(anonymous_0)
FNDA:0,(anonymous_1)
FNDA:0,(anonymous_2)
FNDA:0,(anonymous_3)
FNDA:0,(anonymous_4)
FNDA:0,(anonymous_5)
FNDA:0,(anonymous_6)
FNDA:7,(anonymous_7)
DA:15,2
DA:17,2
DA:19,2
DA:20,0
DA:21,0
DA:22,0
DA:23,0
DA:25,0
DA:26,0
DA:29,0
DA:30,0
DA:31,0
DA:33,0
DA:34,0
DA:35,0
DA:38,0
DA:41,0
DA:42,0
DA:44,0
DA:45,0
DA:49,0
DA:50,0
DA:51,0
DA:53,0
DA:54,0
DA:56,0
DA:59,0
DA:60,0
DA:61,0
DA:63,0
DA:64,0
DA:66,0
DA:69,0
DA:76,7
LF:34
LH:4
BRDA:33,0,0,0
BRDA:33,0,1,0
BRDA:33,1,0,0
BRDA:33,1,1,0
BRDA:42,2,0,0
BRDA:42,2,1,0
BRF:6
BRH:0
end_of_record
TN:
SF:src\services\authService.tsx
FN:5,(anonymous_0)
FNF:1
FNH:1
FNDA:2,(anonymous_0)
DA:5,1
DA:9,2
DA:13,1
DA:15,1
LF:4
LH:4
BRF:0
BRH:0
end_of_record
TN:
SF:src\services\bankService.tsx
FN:5,(anonymous_0)
FN:13,(anonymous_1)
FN:20,(anonymous_2)
FNF:3
FNH:3
FNDA:1,(anonymous_0)
FNDA:1,(anonymous_1)
FNDA:1,(anonymous_2)
DA:5,1
DA:6,1
DA:10,1
DA:13,1
DA:14,1
DA:17,1
DA:20,1
DA:21,1
DA:23,1
LF:9
LH:9
BRF:0
BRH:0
end_of_record
